<?xml version="1.0" encoding="UTF-8"?>
<testsuite xmlns:xsi="http://www.w3.org/2001/XMLSchema-instance" xsi:noNamespaceSchemaLocation="https://maven.apache.org/surefire/maven-surefire-plugin/xsd/surefire-test-report.xsd" name="mic.at.nifi.processors.EFTRestProccesor.GetEFTConfigTest" time="0.013" tests="2" errors="0" skipped="0" failures="0">
  <properties>
    <property name="sun.desktop" value="windows"/>
    <property name="awt.toolkit" value="sun.awt.windows.WToolkit"/>
    <property name="file.encoding.pkg" value="sun.io"/>
    <property name="java.specification.version" value="1.8"/>
    <property name="sun.cpu.isalist" value="amd64"/>
    <property name="sun.jnu.encoding" value="Cp1252"/>
    <property name="java.class.path" value="C:\Users\heinz\eclipse-workspace\EFTRestProccesor\nifi-EFTRestProccesor-processors\target\test-classes;C:\Users\heinz\eclipse-workspace\EFTRestProccesor\nifi-EFTRestProccesor-processors\target\classes;C:\Users\heinz\.m2\repository\org\apache\nifi\nifi-api\1.11.4\nifi-api-1.11.4.jar;C:\Users\heinz\.m2\repository\org\apache\nifi\nifi-utils\1.11.4\nifi-utils-1.11.4.jar;C:\Users\heinz\.m2\repository\org\apache\nifi\nifi-mock\1.11.4\nifi-mock-1.11.4.jar;C:\Users\heinz\.m2\repository\org\apache\nifi\nifi-framework-api\1.11.4\nifi-framework-api-1.11.4.jar;C:\Users\heinz\.m2\repository\org\apache\nifi\nifi-parameter\1.11.4\nifi-parameter-1.11.4.jar;C:\Users\heinz\.m2\repository\org\apache\nifi\nifi-expression-language\1.11.4\nifi-expression-language-1.11.4.jar;C:\Users\heinz\.m2\repository\org\antlr\antlr-runtime\3.5.2\antlr-runtime-3.5.2.jar;C:\Users\heinz\.m2\repository\com\jayway\jsonpath\json-path\2.4.0\json-path-2.4.0.jar;C:\Users\heinz\.m2\repository\net\minidev\json-smart\2.3\json-smart-2.3.jar;C:\Users\heinz\.m2\repository\net\minidev\accessors-smart\1.2\accessors-smart-1.2.jar;C:\Users\heinz\.m2\repository\org\ow2\asm\asm\5.0.4\asm-5.0.4.jar;C:\Users\heinz\.m2\repository\com\fasterxml\jackson\core\jackson-databind\2.9.10.3\jackson-databind-2.9.10.3.jar;C:\Users\heinz\.m2\repository\com\fasterxml\jackson\core\jackson-annotations\2.9.10\jackson-annotations-2.9.10.jar;C:\Users\heinz\.m2\repository\com\fasterxml\jackson\core\jackson-core\2.9.10\jackson-core-2.9.10.jar;C:\Users\heinz\.m2\repository\org\apache\commons\commons-text\1.8\commons-text-1.8.jar;C:\Users\heinz\.m2\repository\org\apache\commons\commons-lang3\3.9\commons-lang3-3.9.jar;C:\Users\heinz\.m2\repository\org\apache\nifi\nifi-data-provenance-utils\1.11.4\nifi-data-provenance-utils-1.11.4.jar;C:\Users\heinz\.m2\repository\org\apache\nifi\nifi-security-utils\1.11.4\nifi-security-utils-1.11.4.jar;C:\Users\heinz\.m2\repository\commons-codec\commons-codec\1.12\commons-codec-1.12.jar;C:\Users\heinz\.m2\repository\org\bouncycastle\bcpkix-jdk15on\1.61\bcpkix-jdk15on-1.61.jar;C:\Users\heinz\.m2\repository\de\svenkubiak\jBCrypt\0.4.1\jBCrypt-0.4.1.jar;C:\Users\heinz\.m2\repository\org\apache\commons\commons-configuration2\2.4\commons-configuration2-2.4.jar;C:\Users\heinz\.m2\repository\commons-logging\commons-logging\1.2\commons-logging-1.2.jar;C:\Users\heinz\.m2\repository\org\bouncycastle\bcprov-jdk15on\1.61\bcprov-jdk15on-1.61.jar;C:\Users\heinz\.m2\repository\org\apache\nifi\nifi-properties-loader\1.11.4\nifi-properties-loader-1.11.4.jar;C:\Users\heinz\.m2\repository\org\apache\nifi\nifi-properties\1.11.4\nifi-properties-1.11.4.jar;C:\Users\heinz\.m2\repository\org\slf4j\slf4j-simple\1.7.30\slf4j-simple-1.7.30.jar;C:\Users\heinz\.m2\repository\org\slf4j\slf4j-api\1.7.30\slf4j-api-1.7.30.jar;C:\Users\heinz\.m2\repository\junit\junit\4.13\junit-4.13.jar;C:\Users\heinz\.m2\repository\org\hamcrest\hamcrest-core\1.3\hamcrest-core-1.3.jar;C:\Users\heinz\.m2\repository\org\mockito\mockito-core\2.28.2\mockito-core-2.28.2.jar;C:\Users\heinz\.m2\repository\net\bytebuddy\byte-buddy\1.9.10\byte-buddy-1.9.10.jar;C:\Users\heinz\.m2\repository\net\bytebuddy\byte-buddy-agent\1.9.10\byte-buddy-agent-1.9.10.jar;C:\Users\heinz\.m2\repository\org\objenesis\objenesis\2.6\objenesis-2.6.jar;C:\Users\heinz\.m2\repository\org\codehaus\groovy\groovy-test\2.5.4\groovy-test-2.5.4.jar;C:\Users\heinz\.m2\repository\org\codehaus\groovy\groovy\2.5.4\groovy-2.5.4.jar;"/>
    <property name="java.vm.vendor" value="Oracle Corporation"/>
    <property name="sun.arch.data.model" value="64"/>
    <property name="user.variant" value=""/>
    <property name="java.vendor.url" value="http://java.oracle.com/"/>
    <property name="user.timezone" value="Europe/Berlin"/>
    <property name="java.vm.specification.version" value="1.8"/>
    <property name="os.name" value="Windows 10"/>
    <property name="user.country" value="DE"/>
    <property name="sun.java.launcher" value="SUN_STANDARD"/>
    <property name="sun.boot.library.path" value="C:\Program Files\Java\jre1.8.0_181\bin"/>
    <property name="sun.java.command" value="C:\Users\heinz\AppData\Local\Temp\surefire3150516860286268609\surefirebooter4111251113721662479.jar C:\Users\heinz\AppData\Local\Temp\surefire3150516860286268609 2020-05-28T18-18-10_004-jvmRun1 surefire8039220318189596009tmp surefire_01917483589209597298tmp"/>
    <property name="surefire.test.class.path" value="C:\Users\heinz\eclipse-workspace\EFTRestProccesor\nifi-EFTRestProccesor-processors\target\test-classes;C:\Users\heinz\eclipse-workspace\EFTRestProccesor\nifi-EFTRestProccesor-processors\target\classes;C:\Users\heinz\.m2\repository\org\apache\nifi\nifi-api\1.11.4\nifi-api-1.11.4.jar;C:\Users\heinz\.m2\repository\org\apache\nifi\nifi-utils\1.11.4\nifi-utils-1.11.4.jar;C:\Users\heinz\.m2\repository\org\apache\nifi\nifi-mock\1.11.4\nifi-mock-1.11.4.jar;C:\Users\heinz\.m2\repository\org\apache\nifi\nifi-framework-api\1.11.4\nifi-framework-api-1.11.4.jar;C:\Users\heinz\.m2\repository\org\apache\nifi\nifi-parameter\1.11.4\nifi-parameter-1.11.4.jar;C:\Users\heinz\.m2\repository\org\apache\nifi\nifi-expression-language\1.11.4\nifi-expression-language-1.11.4.jar;C:\Users\heinz\.m2\repository\org\antlr\antlr-runtime\3.5.2\antlr-runtime-3.5.2.jar;C:\Users\heinz\.m2\repository\com\jayway\jsonpath\json-path\2.4.0\json-path-2.4.0.jar;C:\Users\heinz\.m2\repository\net\minidev\json-smart\2.3\json-smart-2.3.jar;C:\Users\heinz\.m2\repository\net\minidev\accessors-smart\1.2\accessors-smart-1.2.jar;C:\Users\heinz\.m2\repository\org\ow2\asm\asm\5.0.4\asm-5.0.4.jar;C:\Users\heinz\.m2\repository\com\fasterxml\jackson\core\jackson-databind\2.9.10.3\jackson-databind-2.9.10.3.jar;C:\Users\heinz\.m2\repository\com\fasterxml\jackson\core\jackson-annotations\2.9.10\jackson-annotations-2.9.10.jar;C:\Users\heinz\.m2\repository\com\fasterxml\jackson\core\jackson-core\2.9.10\jackson-core-2.9.10.jar;C:\Users\heinz\.m2\repository\org\apache\commons\commons-text\1.8\commons-text-1.8.jar;C:\Users\heinz\.m2\repository\org\apache\commons\commons-lang3\3.9\commons-lang3-3.9.jar;C:\Users\heinz\.m2\repository\org\apache\nifi\nifi-data-provenance-utils\1.11.4\nifi-data-provenance-utils-1.11.4.jar;C:\Users\heinz\.m2\repository\org\apache\nifi\nifi-security-utils\1.11.4\nifi-security-utils-1.11.4.jar;C:\Users\heinz\.m2\repository\commons-codec\commons-codec\1.12\commons-codec-1.12.jar;C:\Users\heinz\.m2\repository\org\bouncycastle\bcpkix-jdk15on\1.61\bcpkix-jdk15on-1.61.jar;C:\Users\heinz\.m2\repository\de\svenkubiak\jBCrypt\0.4.1\jBCrypt-0.4.1.jar;C:\Users\heinz\.m2\repository\org\apache\commons\commons-configuration2\2.4\commons-configuration2-2.4.jar;C:\Users\heinz\.m2\repository\commons-logging\commons-logging\1.2\commons-logging-1.2.jar;C:\Users\heinz\.m2\repository\org\bouncycastle\bcprov-jdk15on\1.61\bcprov-jdk15on-1.61.jar;C:\Users\heinz\.m2\repository\org\apache\nifi\nifi-properties-loader\1.11.4\nifi-properties-loader-1.11.4.jar;C:\Users\heinz\.m2\repository\org\apache\nifi\nifi-properties\1.11.4\nifi-properties-1.11.4.jar;C:\Users\heinz\.m2\repository\org\slf4j\slf4j-simple\1.7.30\slf4j-simple-1.7.30.jar;C:\Users\heinz\.m2\repository\org\slf4j\slf4j-api\1.7.30\slf4j-api-1.7.30.jar;C:\Users\heinz\.m2\repository\junit\junit\4.13\junit-4.13.jar;C:\Users\heinz\.m2\repository\org\hamcrest\hamcrest-core\1.3\hamcrest-core-1.3.jar;C:\Users\heinz\.m2\repository\org\mockito\mockito-core\2.28.2\mockito-core-2.28.2.jar;C:\Users\heinz\.m2\repository\net\bytebuddy\byte-buddy\1.9.10\byte-buddy-1.9.10.jar;C:\Users\heinz\.m2\repository\net\bytebuddy\byte-buddy-agent\1.9.10\byte-buddy-agent-1.9.10.jar;C:\Users\heinz\.m2\repository\org\objenesis\objenesis\2.6\objenesis-2.6.jar;C:\Users\heinz\.m2\repository\org\codehaus\groovy\groovy-test\2.5.4\groovy-test-2.5.4.jar;C:\Users\heinz\.m2\repository\org\codehaus\groovy\groovy\2.5.4\groovy-2.5.4.jar;"/>
    <property name="sun.cpu.endian" value="little"/>
    <property name="user.home" value="C:\Users\heinz"/>
    <property name="user.language" value="de"/>
    <property name="java.specification.vendor" value="Oracle Corporation"/>
    <property name="java.home" value="C:\Program Files\Java\jre1.8.0_181"/>
    <property name="basedir" value="C:\Users\heinz\eclipse-workspace\EFTRestProccesor\nifi-EFTRestProccesor-processors"/>
    <property name="file.separator" value="\"/>
    <property name="line.separator" value="&#10;"/>
    <property name="java.vm.specification.vendor" value="Oracle Corporation"/>
    <property name="java.specification.name" value="Java Platform API Specification"/>
    <property name="java.awt.graphicsenv" value="sun.awt.Win32GraphicsEnvironment"/>
    <property name="java.awt.headless" value="true"/>
    <property name="surefire.real.class.path" value="C:\Users\heinz\AppData\Local\Temp\surefire3150516860286268609\surefirebooter4111251113721662479.jar"/>
    <property name="sun.boot.class.path" value="C:\Program Files\Java\jre1.8.0_181\lib\resources.jar;C:\Program Files\Java\jre1.8.0_181\lib\rt.jar;C:\Program Files\Java\jre1.8.0_181\lib\sunrsasign.jar;C:\Program Files\Java\jre1.8.0_181\lib\jsse.jar;C:\Program Files\Java\jre1.8.0_181\lib\jce.jar;C:\Program Files\Java\jre1.8.0_181\lib\charsets.jar;C:\Program Files\Java\jre1.8.0_181\lib\jfr.jar;C:\Program Files\Java\jre1.8.0_181\classes"/>
    <property name="user.script" value=""/>
    <property name="sun.management.compiler" value="HotSpot 64-Bit Tiered Compilers"/>
    <property name="java.runtime.version" value="1.8.0_181-b13"/>
    <property name="java.net.preferIPv4Stack" value="true"/>
    <property name="user.name" value="heinz"/>
    <property name="path.separator" value=";"/>
    <property name="os.version" value="10.0"/>
    <property name="java.endorsed.dirs" value="C:\Program Files\Java\jre1.8.0_181\lib\endorsed"/>
    <property name="java.runtime.name" value="Java(TM) SE Runtime Environment"/>
    <property name="file.encoding" value="UTF-8"/>
    <property name="java.vm.name" value="Java HotSpot(TM) 64-Bit Server VM"/>
    <property name="localRepository" value="C:\Users\heinz\.m2\repository"/>
    <property name="java.vendor.url.bug" value="http://bugreport.sun.com/bugreport/"/>
    <property name="java.io.tmpdir" value="C:\Users\heinz\AppData\Local\Temp\"/>
    <property name="java.version" value="1.8.0_181"/>
    <property name="user.dir" value="C:\Users\heinz\eclipse-workspace\EFTRestProccesor\nifi-EFTRestProccesor-processors"/>
    <property name="os.arch" value="amd64"/>
    <property name="java.vm.specification.name" value="Java Virtual Machine Specification"/>
    <property name="java.awt.printerjob" value="sun.awt.windows.WPrinterJob"/>
    <property name="sun.os.patch.level" value=""/>
    <property name="java.library.path" value="C:\Program Files\Java\jre1.8.0_181\bin;C:\WINDOWS\Sun\Java\bin;C:\WINDOWS\system32;C:\WINDOWS;C:/Program Files/Java/jre1.8.0_181/bin/server;C:/Program Files/Java/jre1.8.0_181/bin;C:/Program Files/Java/jre1.8.0_181/lib/amd64;C:\Program Files (x86)\Common Files\Oracle\Java\javapath;C:\WINDOWS\system32;C:\WINDOWS;C:\WINDOWS\System32\Wbem;C:\WINDOWS\System32\WindowsPowerShell\v1.0\;C:\Program Files (x86)\AMD\ATI.ACE\Core-Static;c:\Program Files (x86)\Plantronics\Spokes3G SDK\;c:\Program Files\PuTTY\;C:\Program Files (x86)\Common Files\Siemens\System;C:\ProgramData\chocolatey\bin;;C:\WINDOWS\System32\OpenSSH\;C:\Program Files\VSCodium\bin;C:\Program Files\OpenJDK\jdk-14\bin;C:\Program Files\dotnet\;C:\Program Files (x86)\Microsoft SQL Server\150\DTS\Binn\;C:\Users\heinz\AppData\Local\Microsoft\WindowsApps;C:\eclipse\eclipse;;."/>
    <property name="java.vm.info" value="mixed mode"/>
    <property name="java.vendor" value="Oracle Corporation"/>
    <property name="java.vm.version" value="25.181-b13"/>
    <property name="java.ext.dirs" value="C:\Program Files\Java\jre1.8.0_181\lib\ext;C:\WINDOWS\Sun\Java\lib\ext"/>
    <property name="sun.io.unicode.encoding" value="UnicodeLittle"/>
    <property name="java.class.version" value="52.0"/>
  </properties>
  <testcase name="testListFiles" classname="mic.at.nifi.processors.EFTRestProccesor.GetEFTConfigTest" time="0.011"/>
  <testcase name="AuthenticationFailure" classname="mic.at.nifi.processors.EFTRestProccesor.GetEFTConfigTest" time="0.002"/>
</testsuite>